<?xml version="1.0" encoding="UTF-8"?>
<!-- Generated by org.testng.reporters.JUnitXMLReporter -->
<testsuite ignored="4" hostname="L-DEE-B710W93" failures="0" tests="1" name="Default test" time="1.534" errors="0" timestamp="2022-02-25T11:03:27 CET">
  <testcase classname="tests.AddOwnersTest" name="validAddOwnerTest" time="1.491"/>
  <testcase classname="tests.AddOwnersTest" name="invalidAddOwnerTest_requiredFieldsBlank" time="0.0">
    <ignored/>
  </testcase> <!-- invalidAddOwnerTest_requiredFieldsBlank -->
  <testcase classname="tests.AddOwnersTest" name="invalidAddOwnerTest_phoneMoreThan10Int" time="0.0">
    <ignored/>
  </testcase> <!-- invalidAddOwnerTest_phoneMoreThan10Int -->
  <testcase classname="tests.AddOwnersTest" name="invalidAddOwnerTest_fNameBlank" time="0.0">
    <ignored/>
  </testcase> <!-- invalidAddOwnerTest_fNameBlank -->
  <testcase classname="tests.AddOwnersTest" name="invalidAddOwnerTest_phoneContainsStrings" time="0.0">
    <ignored/>
  </testcase> <!-- invalidAddOwnerTest_phoneContainsStrings -->
</testsuite> <!-- Default test -->
